<?xml version="1.0" encoding="UTF-8"?>
<!-- Generated by org.testng.reporters.JUnitReportReporter -->
<testsuite hostname="DESKTOP-6064CKU" failures="0" tests="4" name="testRunner.Runner" time="118.705" errors="0" timestamp="2024-01-29T09:56:17 IST" skipped="0">
  <testcase classname="testRunner.Runner" name="runScenario" time="29.893"/>
  <testcase classname="testRunner.Runner" name="runScenario" time="28.343"/>
  <testcase classname="testRunner.Runner" name="runScenario" time="28.838"/>
  <testcase classname="testRunner.Runner" name="runScenario" time="31.631"/>
</testsuite> <!-- testRunner.Runner -->
